<?xml version="1.0" encoding="UTF-8"?>
<!-- Generated by org.testng.reporters.JUnitReportReporter -->
<testsuite hostname="DESKTOP-9BUKM7O" name="Pra.GoogleHomeTest" tests="1" failures="0" timestamp="3 May 2021 16:37:02 GMT" time="21.017" errors="0">
  <testcase name="getHomePage" time="21.017" classname="Pra.GoogleHomeTest"/>
</testsuite> <!-- Pra.GoogleHomeTest -->
