<?xml version="1.0" encoding="UTF-8"?>
<!-- Generated by org.testng.reporters.JUnitReportReporter -->
<testsuite hostname="DESKTOP-9BUKM7O" name="GoogleHome" tests="1" failures="0" timestamp="3 May 2021 16:25:34 GMT" time="31.790" errors="0">
  <testcase name="getHomePage" time="31.790" classname="GoogleHome"/>
</testsuite> <!-- GoogleHome -->
